<?xml version="1.0" encoding="UTF-8"?>
<!-- Generated by org.testng.reporters.JUnitReportReporter -->
<testsuite skipped="0" hostname="SpearHead-PC" name="com.dpreview.auto.tests.T5_DpreviewSmartphonesReviewTest" tests="13" failures="0" timestamp="14 Nov 2018 14:23:16 GMT" time="303.582" errors="1">
  <testcase name="loginLinkTest" time="21.886" classname="com.dpreview.auto.tests.T5_DpreviewSmartphonesReviewTest"/>
  <testcase name="loginDetails" time="10.850" classname="com.dpreview.auto.tests.T5_DpreviewSmartphonesReviewTest"/>
  <testcase name="hoveringReviewsElement" time="0.554" classname="com.dpreview.auto.tests.T5_DpreviewSmartphonesReviewTest"/>
  <testcase name="selectingSmartphoneReviews" time="7.647" classname="com.dpreview.auto.tests.T5_DpreviewSmartphonesReviewTest"/>
  <testcase name="orderBy" time="10.020" classname="com.dpreview.auto.tests.T5_DpreviewSmartphonesReviewTest">
    <error type="org.openqa.selenium.NoSuchElementException" message="Unable to locate element: #reviewIndexOrder
For documentation on this error, please visit: http://seleniumhq.org/exceptions/no_such_element.html
Build info: version: &#039;3.14.0&#039;, revision: &#039;aacccce0&#039;, time: &#039;2018-08-02T20:19:58.91Z&#039;
System info: host: &#039;SPEARHEAD-PC&#039;, ip: &#039;192.168.17.102&#039;, os.name: &#039;Windows 10&#039;, os.arch: &#039;x86&#039;, os.version: &#039;10.0&#039;, java.version: &#039;1.8.0_191&#039;
Driver info: org.openqa.selenium.firefox.FirefoxDriver
Capabilities {acceptInsecureCerts: true, browserName: firefox, browserVersion: 62.0.3, javascriptEnabled: true, moz:accessibilityChecks: false, moz:headless: false, moz:processID: 42392, moz:profile: C:\Users\Daniel\AppData\Loc..., moz:useNonSpecCompliantPointerOrigin: false, moz:webdriverClick: true, pageLoadStrategy: normal, platform: XP, platformName: XP, platformVersion: 10.0, rotatable: false, timeouts: {implicit: 0, pageLoad: 300000, script: 30000}}
Session ID: 0e3e86c1-302e-43cc-a74c-ee2c37c88f38
*** Element info: {Using=css selector, value=#reviewIndexOrder}">
      <![CDATA[org.openqa.selenium.NoSuchElementException: Unable to locate element: #reviewIndexOrder
For documentation on this error, please visit: http://seleniumhq.org/exceptions/no_such_element.html
Build info: version: '3.14.0', revision: 'aacccce0', time: '2018-08-02T20:19:58.91Z'
System info: host: 'SPEARHEAD-PC', ip: '192.168.17.102', os.name: 'Windows 10', os.arch: 'x86', os.version: '10.0', java.version: '1.8.0_191'
Driver info: org.openqa.selenium.firefox.FirefoxDriver
Capabilities {acceptInsecureCerts: true, browserName: firefox, browserVersion: 62.0.3, javascriptEnabled: true, moz:accessibilityChecks: false, moz:headless: false, moz:processID: 42392, moz:profile: C:\Users\Daniel\AppData\Loc..., moz:useNonSpecCompliantPointerOrigin: false, moz:webdriverClick: true, pageLoadStrategy: normal, platform: XP, platformName: XP, platformVersion: 10.0, rotatable: false, timeouts: {implicit: 0, pageLoad: 300000, script: 30000}}
Session ID: 0e3e86c1-302e-43cc-a74c-ee2c37c88f38
*** Element info: {Using=css selector, value=#reviewIndexOrder}
at sun.reflect.NativeConstructorAccessorImpl.newInstance0(Native Method)
at sun.reflect.NativeConstructorAccessorImpl.newInstance(Unknown Source)
at sun.reflect.DelegatingConstructorAccessorImpl.newInstance(Unknown Source)
at java.lang.reflect.Constructor.newInstance(Unknown Source)
at org.openqa.selenium.remote.http.W3CHttpResponseCodec.createException(W3CHttpResponseCodec.java:187)
at org.openqa.selenium.remote.http.W3CHttpResponseCodec.decode(W3CHttpResponseCodec.java:122)
at org.openqa.selenium.remote.http.W3CHttpResponseCodec.decode(W3CHttpResponseCodec.java:49)
at org.openqa.selenium.remote.HttpCommandExecutor.execute(HttpCommandExecutor.java:158)
at org.openqa.selenium.remote.service.DriverCommandExecutor.execute(DriverCommandExecutor.java:83)
at org.openqa.selenium.remote.RemoteWebDriver.execute(RemoteWebDriver.java:548)
at org.openqa.selenium.remote.RemoteWebDriver.findElement(RemoteWebDriver.java:322)
at org.openqa.selenium.remote.RemoteWebDriver.findElementByCssSelector(RemoteWebDriver.java:416)
at org.openqa.selenium.By$ByCssSelector.findElement(By.java:431)
at org.openqa.selenium.remote.RemoteWebDriver.findElement(RemoteWebDriver.java:314)
at com.dpreview.auto.tests.T5_DpreviewSmartphonesReviewTest.orderBy(T5_DpreviewSmartphonesReviewTest.java:99)
at sun.reflect.NativeMethodAccessorImpl.invoke0(Native Method)
at sun.reflect.NativeMethodAccessorImpl.invoke(Unknown Source)
at sun.reflect.DelegatingMethodAccessorImpl.invoke(Unknown Source)
at java.lang.reflect.Method.invoke(Unknown Source)
at org.testng.internal.MethodInvocationHelper.invokeMethod(MethodInvocationHelper.java:124)
at org.testng.internal.Invoker.invokeMethod(Invoker.java:583)
at org.testng.internal.Invoker.invokeTestMethod(Invoker.java:719)
at org.testng.internal.Invoker.invokeTestMethods(Invoker.java:989)
at org.testng.internal.TestMethodWorker.invokeTestMethods(TestMethodWorker.java:125)
at org.testng.internal.TestMethodWorker.run(TestMethodWorker.java:109)
at org.testng.TestRunner.privateRun(TestRunner.java:648)
at org.testng.TestRunner.run(TestRunner.java:505)
at org.testng.SuiteRunner.runTest(SuiteRunner.java:455)
at org.testng.SuiteRunner.runSequentially(SuiteRunner.java:450)
at org.testng.SuiteRunner.privateRun(SuiteRunner.java:415)
at org.testng.SuiteRunner.run(SuiteRunner.java:364)
at org.testng.SuiteRunnerWorker.runSuite(SuiteRunnerWorker.java:52)
at org.testng.SuiteRunnerWorker.run(SuiteRunnerWorker.java:84)
at org.testng.TestNG.runSuitesSequentially(TestNG.java:1208)
at org.testng.TestNG.runSuitesLocally(TestNG.java:1137)
at org.testng.TestNG.runSuites(TestNG.java:1049)
at org.testng.TestNG.run(TestNG.java:1017)
at org.testng.remote.AbstractRemoteTestNG.run(AbstractRemoteTestNG.java:114)
at org.testng.remote.RemoteTestNG.initAndRun(RemoteTestNG.java:251)
at org.testng.remote.RemoteTestNG.main(RemoteTestNG.java:77)
]]>
    </error>
  </testcase> <!-- orderBy -->
  <testcase name="scrollPage" time="45.486" classname="com.dpreview.auto.tests.T5_DpreviewSmartphonesReviewTest"/>
  <testcase name="appleiPhoneXElement" time="6.343" classname="com.dpreview.auto.tests.T5_DpreviewSmartphonesReviewTest"/>
  <testcase name="appleiPhoneXReviewPage1" time="9.227" classname="com.dpreview.auto.tests.T5_DpreviewSmartphonesReviewTest"/>
  <testcase name="appleiPhoneXReviewPage2" time="12.778" classname="com.dpreview.auto.tests.T5_DpreviewSmartphonesReviewTest"/>
  <testcase name="appleiPhoneXReviewPage3" time="39.657" classname="com.dpreview.auto.tests.T5_DpreviewSmartphonesReviewTest"/>
  <testcase name="appleiPhoneXReviewPage4" time="64.860" classname="com.dpreview.auto.tests.T5_DpreviewSmartphonesReviewTest"/>
  <testcase name="appleiPhoneXReviewPage5" time="22.026" classname="com.dpreview.auto.tests.T5_DpreviewSmartphonesReviewTest"/>
  <testcase name="appleiPhoneXReviewPage6" time="52.248" classname="com.dpreview.auto.tests.T5_DpreviewSmartphonesReviewTest"/>
</testsuite> <!-- com.dpreview.auto.tests.T5_DpreviewSmartphonesReviewTest -->
