<?xml version="1.0" encoding="UTF-8"?>
<!-- Generated by org.testng.reporters.JUnitReportReporter -->
<testsuite skipped="0" hostname="SpearHead-PC" name="com.dpreview.auto.tests.T8_DpreviewNikonD5ReviewTest" tests="13" failures="0" timestamp="26 Nov 2018 18:34:41 GMT" time="111.038" errors="1">
  <testcase name="hoveringBuyingGuidesElement" time="39.671" classname="com.dpreview.auto.tests.T8_DpreviewNikonD5ReviewTest"/>
  <testcase name="selectingCamerasSportsActionLink" time="2.578" classname="com.dpreview.auto.tests.T8_DpreviewNikonD5ReviewTest">
    <error type="org.openqa.selenium.StaleElementReferenceException" message="The element reference of &lt;a href=&quot;/reviews/buying-guide-best-cameras-for-sports-and-action&quot;&gt; is stale; either the element is no longer attached to the DOM, it is not in the current frame context, or the document has been refreshed
For documentation on this error, please visit: http://seleniumhq.org/exceptions/stale_element_reference.html
Build info: version: &#039;3.14.0&#039;, revision: &#039;aacccce0&#039;, time: &#039;2018-08-02T20:19:58.91Z&#039;
System info: host: &#039;SPEARHEAD-PC&#039;, ip: &#039;192.168.17.103&#039;, os.name: &#039;Windows 10&#039;, os.arch: &#039;x86&#039;, os.version: &#039;10.0&#039;, java.version: &#039;1.8.0_191&#039;
Driver info: org.openqa.selenium.firefox.FirefoxDriver
Capabilities {acceptInsecureCerts: true, browserName: firefox, browserVersion: 62.0.3, javascriptEnabled: true, moz:accessibilityChecks: false, moz:headless: false, moz:processID: 31364, moz:profile: C:\Users\Daniel\AppData\Loc..., moz:useNonSpecCompliantPointerOrigin: false, moz:webdriverClick: true, pageLoadStrategy: normal, platform: XP, platformName: XP, platformVersion: 10.0, rotatable: false, timeouts: {implicit: 0, pageLoad: 300000, script: 30000}}
Session ID: 726f965b-5dc6-4e7d-964e-ea23351917e7">
      <![CDATA[org.openqa.selenium.StaleElementReferenceException: The element reference of <a href="/reviews/buying-guide-best-cameras-for-sports-and-action"> is stale; either the element is no longer attached to the DOM, it is not in the current frame context, or the document has been refreshed
For documentation on this error, please visit: http://seleniumhq.org/exceptions/stale_element_reference.html
Build info: version: '3.14.0', revision: 'aacccce0', time: '2018-08-02T20:19:58.91Z'
System info: host: 'SPEARHEAD-PC', ip: '192.168.17.103', os.name: 'Windows 10', os.arch: 'x86', os.version: '10.0', java.version: '1.8.0_191'
Driver info: org.openqa.selenium.firefox.FirefoxDriver
Capabilities {acceptInsecureCerts: true, browserName: firefox, browserVersion: 62.0.3, javascriptEnabled: true, moz:accessibilityChecks: false, moz:headless: false, moz:processID: 31364, moz:profile: C:\Users\Daniel\AppData\Loc..., moz:useNonSpecCompliantPointerOrigin: false, moz:webdriverClick: true, pageLoadStrategy: normal, platform: XP, platformName: XP, platformVersion: 10.0, rotatable: false, timeouts: {implicit: 0, pageLoad: 300000, script: 30000}}
Session ID: 726f965b-5dc6-4e7d-964e-ea23351917e7
at sun.reflect.NativeConstructorAccessorImpl.newInstance0(Native Method)
at sun.reflect.NativeConstructorAccessorImpl.newInstance(Unknown Source)
at sun.reflect.DelegatingConstructorAccessorImpl.newInstance(Unknown Source)
at java.lang.reflect.Constructor.newInstance(Unknown Source)
at org.openqa.selenium.remote.http.W3CHttpResponseCodec.createException(W3CHttpResponseCodec.java:187)
at org.openqa.selenium.remote.http.W3CHttpResponseCodec.decode(W3CHttpResponseCodec.java:122)
at org.openqa.selenium.remote.http.W3CHttpResponseCodec.decode(W3CHttpResponseCodec.java:49)
at org.openqa.selenium.remote.HttpCommandExecutor.execute(HttpCommandExecutor.java:158)
at org.openqa.selenium.remote.service.DriverCommandExecutor.execute(DriverCommandExecutor.java:83)
at org.openqa.selenium.remote.RemoteWebDriver.execute(RemoteWebDriver.java:548)
at org.openqa.selenium.remote.RemoteWebElement.execute(RemoteWebElement.java:276)
at org.openqa.selenium.remote.RemoteWebElement.isSelected(RemoteWebElement.java:140)
at com.dpreview.auto.tests.T8_DpreviewNikonD5ReviewTest.selectingCamerasSportsActionLink(T8_DpreviewNikonD5ReviewTest.java:50)
at sun.reflect.NativeMethodAccessorImpl.invoke0(Native Method)
at sun.reflect.NativeMethodAccessorImpl.invoke(Unknown Source)
at sun.reflect.DelegatingMethodAccessorImpl.invoke(Unknown Source)
at java.lang.reflect.Method.invoke(Unknown Source)
at org.testng.internal.MethodInvocationHelper.invokeMethod(MethodInvocationHelper.java:124)
at org.testng.internal.Invoker.invokeMethod(Invoker.java:583)
at org.testng.internal.Invoker.invokeTestMethod(Invoker.java:719)
at org.testng.internal.Invoker.invokeTestMethods(Invoker.java:989)
at org.testng.internal.TestMethodWorker.invokeTestMethods(TestMethodWorker.java:125)
at org.testng.internal.TestMethodWorker.run(TestMethodWorker.java:109)
at org.testng.TestRunner.privateRun(TestRunner.java:648)
at org.testng.TestRunner.run(TestRunner.java:505)
at org.testng.SuiteRunner.runTest(SuiteRunner.java:455)
at org.testng.SuiteRunner.runSequentially(SuiteRunner.java:450)
at org.testng.SuiteRunner.privateRun(SuiteRunner.java:415)
at org.testng.SuiteRunner.run(SuiteRunner.java:364)
at org.testng.SuiteRunnerWorker.runSuite(SuiteRunnerWorker.java:52)
at org.testng.SuiteRunnerWorker.run(SuiteRunnerWorker.java:84)
at org.testng.TestNG.runSuitesSequentially(TestNG.java:1208)
at org.testng.TestNG.runSuitesLocally(TestNG.java:1137)
at org.testng.TestNG.runSuites(TestNG.java:1049)
at org.testng.TestNG.run(TestNG.java:1017)
at org.testng.remote.AbstractRemoteTestNG.run(AbstractRemoteTestNG.java:114)
at org.testng.remote.RemoteTestNG.initAndRun(RemoteTestNG.java:251)
at org.testng.remote.RemoteTestNG.main(RemoteTestNG.java:77)
]]>
    </error>
  </testcase> <!-- selectingCamerasSportsActionLink -->
  <testcase name="buyingGuides" time="4.413" classname="com.dpreview.auto.tests.T8_DpreviewNikonD5ReviewTest"/>
  <testcase name="pageScrolling" time="5.048" classname="com.dpreview.auto.tests.T8_DpreviewNikonD5ReviewTest"/>
  <testcase name="sportsAndAction" time="3.962" classname="com.dpreview.auto.tests.T8_DpreviewNikonD5ReviewTest"/>
  <testcase name="bestSportsAndActionCamerasHeadline" time="5.296" classname="com.dpreview.auto.tests.T8_DpreviewNikonD5ReviewTest"/>
  <testcase name="nikonD5" time="5.047" classname="com.dpreview.auto.tests.T8_DpreviewNikonD5ReviewTest"/>
  <testcase name="nikonD5Link" time="4.264" classname="com.dpreview.auto.tests.T8_DpreviewNikonD5ReviewTest"/>
  <testcase name="nikonD5ReviewButton" time="0.170" classname="com.dpreview.auto.tests.T8_DpreviewNikonD5ReviewTest"/>
  <testcase name="nikonD5ReviewPage" time="10.301" classname="com.dpreview.auto.tests.T8_DpreviewNikonD5ReviewTest"/>
  <testcase name="hoverOverMainMenu" time="5.260" classname="com.dpreview.auto.tests.T8_DpreviewNikonD5ReviewTest"/>
  <testcase name="introduction" time="10.307" classname="com.dpreview.auto.tests.T8_DpreviewNikonD5ReviewTest"/>
  <testcase name="specifications" time="14.721" classname="com.dpreview.auto.tests.T8_DpreviewNikonD5ReviewTest"/>
</testsuite> <!-- com.dpreview.auto.tests.T8_DpreviewNikonD5ReviewTest -->
