<?xml version="1.0" encoding="UTF-8"?>
<!-- Generated by org.testng.reporters.JUnitXMLReporter -->
<testsuite hostname="SpearHead-PC" ignored="0" name="Registration process" tests="2" failures="1" timestamp="23 Oct 2018 16:14:39 GMT" time="74.603" errors="0">
  <testcase name="registrationPageTest" time="30.51" classname="com.dpreview.auto.tests.DpreviewRegistrationTest"/>
  <testcase name="registrationProcessTest" time="41.926" classname="com.dpreview.auto.tests.DpreviewRegistrationTest">
    <failure type="org.openqa.selenium.TimeoutException" message="Expected condition failed: waiting for visibility of element located by By.className: searchBox (tried for 25 second(s) with 500 milliseconds interval)">
      <![CDATA[org.openqa.selenium.TimeoutException: Expected condition failed: waiting for visibility of element located by By.className: searchBox (tried for 25 second(s) with 500 milliseconds interval)
at org.openqa.selenium.support.ui.WebDriverWait.timeoutException(WebDriverWait.java:113)
at org.openqa.selenium.support.ui.FluentWait.until(FluentWait.java:283)
at com.dpreview.auto.infra.web.ActionBot.waitForElementToBeVisible(ActionBot.java:49)
at com.dpreview.auto.infra.pages.AbstractPage.assertInPage(AbstractPage.java:32)
at com.dpreview.auto.infra.pages.AbstractPage.<init>(AbstractPage.java:25)
at com.dpreview.auto.infra.pages.DpreviewHomePage.<init>(DpreviewHomePage.java:17)
at com.dpreview.auto.infra.pages.DpreviewRegistrationPage.createYourDpreviewAccount(DpreviewRegistrationPage.java:44)
at com.dpreview.auto.tests.DpreviewRegistrationTest.registrationProcessTest(DpreviewRegistrationTest.java:56)
Caused by: org.openqa.selenium.NoSuchElementException: Cannot locate an element using By.className: searchBox
For documentation on this error, please visit: http://seleniumhq.org/exceptions/no_such_element.html
Build info: version: '3.14.0', revision: 'aacccce0', time: '2018-08-02T20:19:58.91Z'
System info: host: 'SPEARHEAD-PC', ip: '169.254.29.20', os.name: 'Windows 10', os.arch: 'x86', os.version: '10.0', java.version: '1.8.0_181'
Driver info: driver.version: unknown
at org.openqa.selenium.support.ui.ExpectedConditions.lambda$findElement$0(ExpectedConditions.java:896)
at java.util.Optional.orElseThrow(Unknown Source)
at org.openqa.selenium.support.ui.ExpectedConditions.findElement(ExpectedConditions.java:895)
at org.openqa.selenium.support.ui.ExpectedConditions.access$000(ExpectedConditions.java:44)
at org.openqa.selenium.support.ui.ExpectedConditions$7.apply(ExpectedConditions.java:206)
at org.openqa.selenium.support.ui.ExpectedConditions$7.apply(ExpectedConditions.java:202)
at org.openqa.selenium.support.ui.FluentWait.until(FluentWait.java:260)
... 31 more
... Removed 25 stack frames]]>
    </failure>
  </testcase> <!-- registrationProcessTest -->
</testsuite> <!-- Registration process -->
