<?xml version="1.0" encoding="UTF-8"?>
<testng-results skipped="0" failed="3" ignored="0" total="3" passed="0">
  <reporter-output>
    <line>
      <![CDATA[Browsing to URL: https://www.dpreview.com]]>
    </line>
    <line>
      <![CDATA[Element is visible: Search box (By.className: searchBox)]]>
    </line>
    <line>
      <![CDATA[Element is visible: 'GO' button (By.className: submitBtn)]]>
    </line>
    <line>
      <![CDATA[Element is visible: Light mode (By.cssSelector: span.option:nth-child(1))]]>
    </line>
    <line>
      <![CDATA[Element is visible: Dark mode (By.cssSelector: span.option:nth-child(2))]]>
    </line>
    <line>
      <![CDATA[*** On page: DPReview Home Page]]>
    </line>
    <line>
      <![CDATA[Click on element: 'Login' link (By.cssSelector: .userTools > a:nth-child(1))]]>
    </line>
    <line>
      <![CDATA[Not on the expected page: DPReview Home Page]]>
    </line>
    <line>
      <![CDATA[Element is visible: Email input (By.id: ap_email)]]>
    </line>
    <line>
      <![CDATA[Element is visible: Password input (By.id: ap_password)]]>
    </line>
    <line>
      <![CDATA[*** On page: Dpreview login page]]>
    </line>
    <line>
      <![CDATA[Write 'eagle15@yahoo.com' to element: Email input (By.id: ap_email)]]>
    </line>
    <line>
      <![CDATA[Write 'AlphaBlondie' to element: Password input (By.id: ap_password)]]>
    </line>
    <line>
      <![CDATA[Click on element: Keep me signed in (By.id: remember_me_learn_more_link)]]>
    </line>
    <line>
      <![CDATA[Click on element: Closing the signed in popup window (By.id: a-popover-header-1)]]>
    </line>
    <line>
      <![CDATA[Click on element: Remember me (By.name: rememberMe)]]>
    </line>
    <line>
      <![CDATA[Click on element: Sign in button (By.id: signInSubmit)]]>
    </line>
  </reporter-output>
  <suite name="Default suite" duration-ms="52236" started-at="2018-12-13T08:25:09Z" finished-at="2018-12-13T08:26:01Z">
    <groups>
    </groups>
    <test name="Default test" duration-ms="52236" started-at="2018-12-13T08:25:09Z" finished-at="2018-12-13T08:26:01Z">
      <class name="com.dpreview.auto.tests.T3_DpreviewLoginWrongDetailsTest">
        <test-method status="PASS" signature="beforeClass()[pri:0, instance:com.dpreview.auto.tests.T3_DpreviewLoginWrongDetailsTest@1caeb3e]" name="beforeClass" is-config="true" duration-ms="977" started-at="2018-12-13T08:25:09Z" finished-at="2018-12-13T08:25:10Z">
          <reporter-output>
          </reporter-output>
        </test-method> <!-- beforeClass -->
        <test-method status="PASS" signature="beforeMethod()[pri:0, instance:com.dpreview.auto.tests.T3_DpreviewLoginWrongDetailsTest@1caeb3e]" name="beforeMethod" is-config="true" duration-ms="0" started-at="2018-12-13T08:25:10Z" finished-at="2018-12-13T08:25:10Z">
          <reporter-output>
          </reporter-output>
        </test-method> <!-- beforeMethod -->
        <test-method status="FAIL" signature="loginPageTest()[pri:0, instance:com.dpreview.auto.tests.T3_DpreviewLoginWrongDetailsTest@1caeb3e]" name="loginPageTest" duration-ms="39560" started-at="2018-12-13T08:25:10Z" description="Testing the validation of the Login page" finished-at="2018-12-13T08:25:50Z">
          <exception class="org.openqa.selenium.TimeoutException">
            <message>
              <![CDATA[Expected condition failed: waiting for visibility of element located by By.className: searchBox (tried for 15 second(s) with 500 milliseconds interval)]]>
            </message>
            <full-stacktrace>
              <![CDATA[org.openqa.selenium.TimeoutException: Expected condition failed: waiting for visibility of element located by By.className: searchBox (tried for 15 second(s) with 500 milliseconds interval)
at org.openqa.selenium.support.ui.WebDriverWait.timeoutException(WebDriverWait.java:113)
at org.openqa.selenium.support.ui.FluentWait.until(FluentWait.java:283)
at com.dpreview.auto.infra.web.ActionBot.waitForElementToBeVisible(ActionBot.java:49)
at com.dpreview.auto.infra.pages.AbstractPage.assertInPage(AbstractPage.java:32)
at com.dpreview.auto.infra.pages.AbstractPage.<init>(AbstractPage.java:25)
at com.dpreview.auto.infra.pages.DpreviewHomePage.<init>(DpreviewHomePage.java:25)
at com.dpreview.auto.infra.pages.DpreviewHomePage.loginLink(DpreviewHomePage.java:62)
at com.dpreview.auto.tests.T3_DpreviewLoginWrongDetailsTest.loginPageTest(T3_DpreviewLoginWrongDetailsTest.java:31)
at sun.reflect.NativeMethodAccessorImpl.invoke0(Native Method)
at sun.reflect.NativeMethodAccessorImpl.invoke(Unknown Source)
at sun.reflect.DelegatingMethodAccessorImpl.invoke(Unknown Source)
at java.lang.reflect.Method.invoke(Unknown Source)
at org.testng.internal.MethodInvocationHelper.invokeMethod(MethodInvocationHelper.java:124)
at org.testng.internal.Invoker.invokeMethod(Invoker.java:583)
at org.testng.internal.Invoker.invokeTestMethod(Invoker.java:719)
at org.testng.internal.Invoker.invokeTestMethods(Invoker.java:989)
at org.testng.internal.TestMethodWorker.invokeTestMethods(TestMethodWorker.java:125)
at org.testng.internal.TestMethodWorker.run(TestMethodWorker.java:109)
at org.testng.TestRunner.privateRun(TestRunner.java:648)
at org.testng.TestRunner.run(TestRunner.java:505)
at org.testng.SuiteRunner.runTest(SuiteRunner.java:455)
at org.testng.SuiteRunner.runSequentially(SuiteRunner.java:450)
at org.testng.SuiteRunner.privateRun(SuiteRunner.java:415)
at org.testng.SuiteRunner.run(SuiteRunner.java:364)
at org.testng.SuiteRunnerWorker.runSuite(SuiteRunnerWorker.java:52)
at org.testng.SuiteRunnerWorker.run(SuiteRunnerWorker.java:84)
at org.testng.TestNG.runSuitesSequentially(TestNG.java:1208)
at org.testng.TestNG.runSuitesLocally(TestNG.java:1137)
at org.testng.TestNG.runSuites(TestNG.java:1049)
at org.testng.TestNG.run(TestNG.java:1017)
at org.testng.remote.AbstractRemoteTestNG.run(AbstractRemoteTestNG.java:114)
at org.testng.remote.RemoteTestNG.initAndRun(RemoteTestNG.java:251)
at org.testng.remote.RemoteTestNG.main(RemoteTestNG.java:77)
Caused by: org.openqa.selenium.NoSuchElementException: Cannot locate an element using By.className: searchBox
For documentation on this error, please visit: http://seleniumhq.org/exceptions/no_such_element.html
Build info: version: '3.14.0', revision: 'aacccce0', time: '2018-08-02T20:19:58.91Z'
System info: host: 'SPEARHEAD-PC', ip: '192.168.17.103', os.name: 'Windows 10', os.arch: 'x86', os.version: '10.0', java.version: '1.8.0_191'
Driver info: driver.version: unknown
at org.openqa.selenium.support.ui.ExpectedConditions.lambda$findElement$0(ExpectedConditions.java:896)
at java.util.Optional.orElseThrow(Unknown Source)
at org.openqa.selenium.support.ui.ExpectedConditions.findElement(ExpectedConditions.java:895)
at org.openqa.selenium.support.ui.ExpectedConditions.access$000(ExpectedConditions.java:44)
at org.openqa.selenium.support.ui.ExpectedConditions$7.apply(ExpectedConditions.java:206)
at org.openqa.selenium.support.ui.ExpectedConditions$7.apply(ExpectedConditions.java:202)
at org.openqa.selenium.support.ui.FluentWait.until(FluentWait.java:260)
... 31 more
]]>
            </full-stacktrace>
          </exception> <!-- org.openqa.selenium.TimeoutException -->
          <reporter-output>
            <line>
              <![CDATA[Browsing to URL: https://www.dpreview.com]]>
            </line>
            <line>
              <![CDATA[Element is visible: Search box (By.className: searchBox)]]>
            </line>
            <line>
              <![CDATA[Element is visible: 'GO' button (By.className: submitBtn)]]>
            </line>
            <line>
              <![CDATA[Element is visible: Light mode (By.cssSelector: span.option:nth-child(1))]]>
            </line>
            <line>
              <![CDATA[Element is visible: Dark mode (By.cssSelector: span.option:nth-child(2))]]>
            </line>
            <line>
              <![CDATA[*** On page: DPReview Home Page]]>
            </line>
            <line>
              <![CDATA[Click on element: 'Login' link (By.cssSelector: .userTools > a:nth-child(1))]]>
            </line>
            <line>
              <![CDATA[Not on the expected page: DPReview Home Page]]>
            </line>
          </reporter-output>
        </test-method> <!-- loginPageTest -->
        <test-method status="PASS" signature="afterMethod()[pri:0, instance:com.dpreview.auto.tests.T3_DpreviewLoginWrongDetailsTest@1caeb3e]" name="afterMethod" is-config="true" duration-ms="0" started-at="2018-12-13T08:25:50Z" finished-at="2018-12-13T08:25:50Z">
          <reporter-output>
          </reporter-output>
        </test-method> <!-- afterMethod -->
        <test-method status="FAIL" signature="loginDetails()[pri:1, instance:com.dpreview.auto.tests.T3_DpreviewLoginWrongDetailsTest@1caeb3e]" name="loginDetails" duration-ms="1217" started-at="2018-12-13T08:25:50Z" description="Typing wrong login details" finished-at="2018-12-13T08:25:51Z">
          <exception class="org.openqa.selenium.ElementClickInterceptedException">
            <message>
              <![CDATA[Element <input id="signInSubmit" class="a-button-input" type="submit"> is not clickable at point (840,296.1000061035156) because another element <p> obscures it
Build info: version: '3.14.0', revision: 'aacccce0', time: '2018-08-02T20:19:58.91Z'
System info: host: 'SPEARHEAD-PC', ip: '192.168.17.103', os.name: 'Windows 10', os.arch: 'x86', os.version: '10.0', java.version: '1.8.0_191'
Driver info: org.openqa.selenium.firefox.FirefoxDriver
Capabilities {acceptInsecureCerts: true, browserName: firefox, browserVersion: 62.0.3, javascriptEnabled: true, moz:accessibilityChecks: false, moz:headless: false, moz:processID: 12124, moz:profile: C:\Users\Daniel\AppData\Loc..., moz:useNonSpecCompliantPointerOrigin: false, moz:webdriverClick: true, pageLoadStrategy: normal, platform: XP, platformName: XP, platformVersion: 10.0, rotatable: false, timeouts: {implicit: 0, pageLoad: 300000, script: 30000}}
Session ID: edaa9ce5-9b95-4a46-97c9-3efd1f2d9c49]]>
            </message>
            <full-stacktrace>
              <![CDATA[org.openqa.selenium.ElementClickInterceptedException: Element <input id="signInSubmit" class="a-button-input" type="submit"> is not clickable at point (840,296.1000061035156) because another element <p> obscures it
Build info: version: '3.14.0', revision: 'aacccce0', time: '2018-08-02T20:19:58.91Z'
System info: host: 'SPEARHEAD-PC', ip: '192.168.17.103', os.name: 'Windows 10', os.arch: 'x86', os.version: '10.0', java.version: '1.8.0_191'
Driver info: org.openqa.selenium.firefox.FirefoxDriver
Capabilities {acceptInsecureCerts: true, browserName: firefox, browserVersion: 62.0.3, javascriptEnabled: true, moz:accessibilityChecks: false, moz:headless: false, moz:processID: 12124, moz:profile: C:\Users\Daniel\AppData\Loc..., moz:useNonSpecCompliantPointerOrigin: false, moz:webdriverClick: true, pageLoadStrategy: normal, platform: XP, platformName: XP, platformVersion: 10.0, rotatable: false, timeouts: {implicit: 0, pageLoad: 300000, script: 30000}}
Session ID: edaa9ce5-9b95-4a46-97c9-3efd1f2d9c49
at sun.reflect.NativeConstructorAccessorImpl.newInstance0(Native Method)
at sun.reflect.NativeConstructorAccessorImpl.newInstance(Unknown Source)
at sun.reflect.DelegatingConstructorAccessorImpl.newInstance(Unknown Source)
at java.lang.reflect.Constructor.newInstance(Unknown Source)
at org.openqa.selenium.remote.http.W3CHttpResponseCodec.createException(W3CHttpResponseCodec.java:187)
at org.openqa.selenium.remote.http.W3CHttpResponseCodec.decode(W3CHttpResponseCodec.java:122)
at org.openqa.selenium.remote.http.W3CHttpResponseCodec.decode(W3CHttpResponseCodec.java:49)
at org.openqa.selenium.remote.HttpCommandExecutor.execute(HttpCommandExecutor.java:158)
at org.openqa.selenium.remote.service.DriverCommandExecutor.execute(DriverCommandExecutor.java:83)
at org.openqa.selenium.remote.RemoteWebDriver.execute(RemoteWebDriver.java:548)
at org.openqa.selenium.remote.RemoteWebElement.execute(RemoteWebElement.java:276)
at org.openqa.selenium.remote.RemoteWebElement.click(RemoteWebElement.java:83)
at com.dpreview.auto.infra.web.ActionBot.click(ActionBot.java:31)
at com.dpreview.auto.infra.pages.DpreviewLoginPage.clickSigninButton(DpreviewLoginPage.java:42)
at com.dpreview.auto.tests.T3_DpreviewLoginWrongDetailsTest.loginDetails(T3_DpreviewLoginWrongDetailsTest.java:55)
at sun.reflect.NativeMethodAccessorImpl.invoke0(Native Method)
at sun.reflect.NativeMethodAccessorImpl.invoke(Unknown Source)
at sun.reflect.DelegatingMethodAccessorImpl.invoke(Unknown Source)
at java.lang.reflect.Method.invoke(Unknown Source)
at org.testng.internal.MethodInvocationHelper.invokeMethod(MethodInvocationHelper.java:124)
at org.testng.internal.Invoker.invokeMethod(Invoker.java:583)
at org.testng.internal.Invoker.invokeTestMethod(Invoker.java:719)
at org.testng.internal.Invoker.invokeTestMethods(Invoker.java:989)
at org.testng.internal.TestMethodWorker.invokeTestMethods(TestMethodWorker.java:125)
at org.testng.internal.TestMethodWorker.run(TestMethodWorker.java:109)
at org.testng.TestRunner.privateRun(TestRunner.java:648)
at org.testng.TestRunner.run(TestRunner.java:505)
at org.testng.SuiteRunner.runTest(SuiteRunner.java:455)
at org.testng.SuiteRunner.runSequentially(SuiteRunner.java:450)
at org.testng.SuiteRunner.privateRun(SuiteRunner.java:415)
at org.testng.SuiteRunner.run(SuiteRunner.java:364)
at org.testng.SuiteRunnerWorker.runSuite(SuiteRunnerWorker.java:52)
at org.testng.SuiteRunnerWorker.run(SuiteRunnerWorker.java:84)
at org.testng.TestNG.runSuitesSequentially(TestNG.java:1208)
at org.testng.TestNG.runSuitesLocally(TestNG.java:1137)
at org.testng.TestNG.runSuites(TestNG.java:1049)
at org.testng.TestNG.run(TestNG.java:1017)
at org.testng.remote.AbstractRemoteTestNG.run(AbstractRemoteTestNG.java:114)
at org.testng.remote.RemoteTestNG.initAndRun(RemoteTestNG.java:251)
at org.testng.remote.RemoteTestNG.main(RemoteTestNG.java:77)
]]>
            </full-stacktrace>
          </exception> <!-- org.openqa.selenium.ElementClickInterceptedException -->
          <reporter-output>
            <line>
              <![CDATA[Element is visible: Email input (By.id: ap_email)]]>
            </line>
            <line>
              <![CDATA[Element is visible: Password input (By.id: ap_password)]]>
            </line>
            <line>
              <![CDATA[*** On page: Dpreview login page]]>
            </line>
            <line>
              <![CDATA[Write 'eagle15@yahoo.com' to element: Email input (By.id: ap_email)]]>
            </line>
            <line>
              <![CDATA[Write 'AlphaBlondie' to element: Password input (By.id: ap_password)]]>
            </line>
            <line>
              <![CDATA[Click on element: Keep me signed in (By.id: remember_me_learn_more_link)]]>
            </line>
            <line>
              <![CDATA[Click on element: Closing the signed in popup window (By.id: a-popover-header-1)]]>
            </line>
            <line>
              <![CDATA[Click on element: Remember me (By.name: rememberMe)]]>
            </line>
            <line>
              <![CDATA[Click on element: Sign in button (By.id: signInSubmit)]]>
            </line>
          </reporter-output>
        </test-method> <!-- loginDetails -->
        <test-method status="PASS" signature="beforeMethod()[pri:0, instance:com.dpreview.auto.tests.T3_DpreviewLoginWrongDetailsTest@1caeb3e]" name="beforeMethod" is-config="true" duration-ms="0" started-at="2018-12-13T08:25:50Z" finished-at="2018-12-13T08:25:50Z">
          <reporter-output>
          </reporter-output>
        </test-method> <!-- beforeMethod -->
        <test-method status="PASS" signature="beforeMethod()[pri:0, instance:com.dpreview.auto.tests.T3_DpreviewLoginWrongDetailsTest@1caeb3e]" name="beforeMethod" is-config="true" duration-ms="0" started-at="2018-12-13T08:25:51Z" finished-at="2018-12-13T08:25:51Z">
          <reporter-output>
          </reporter-output>
        </test-method> <!-- beforeMethod -->
        <test-method status="FAIL" signature="errorLoginPage()[pri:2, instance:com.dpreview.auto.tests.T3_DpreviewLoginWrongDetailsTest@1caeb3e]" name="errorLoginPage" duration-ms="10010" started-at="2018-12-13T08:25:51Z" description="Validating the error login page" finished-at="2018-12-13T08:26:01Z">
          <exception class="org.openqa.selenium.NoSuchElementException">
            <message>
              <![CDATA[Unable to locate element: #auth-warning-message-box > div:nth-child(1)
For documentation on this error, please visit: http://seleniumhq.org/exceptions/no_such_element.html
Build info: version: '3.14.0', revision: 'aacccce0', time: '2018-08-02T20:19:58.91Z'
System info: host: 'SPEARHEAD-PC', ip: '192.168.17.103', os.name: 'Windows 10', os.arch: 'x86', os.version: '10.0', java.version: '1.8.0_191'
Driver info: org.openqa.selenium.firefox.FirefoxDriver
Capabilities {acceptInsecureCerts: true, browserName: firefox, browserVersion: 62.0.3, javascriptEnabled: true, moz:accessibilityChecks: false, moz:headless: false, moz:processID: 12124, moz:profile: C:\Users\Daniel\AppData\Loc..., moz:useNonSpecCompliantPointerOrigin: false, moz:webdriverClick: true, pageLoadStrategy: normal, platform: XP, platformName: XP, platformVersion: 10.0, rotatable: false, timeouts: {implicit: 0, pageLoad: 300000, script: 30000}}
Session ID: edaa9ce5-9b95-4a46-97c9-3efd1f2d9c49
*** Element info: {Using=css selector, value=#auth-warning-message-box > div:nth-child(1)}]]>
            </message>
            <full-stacktrace>
              <![CDATA[org.openqa.selenium.NoSuchElementException: Unable to locate element: #auth-warning-message-box > div:nth-child(1)
For documentation on this error, please visit: http://seleniumhq.org/exceptions/no_such_element.html
Build info: version: '3.14.0', revision: 'aacccce0', time: '2018-08-02T20:19:58.91Z'
System info: host: 'SPEARHEAD-PC', ip: '192.168.17.103', os.name: 'Windows 10', os.arch: 'x86', os.version: '10.0', java.version: '1.8.0_191'
Driver info: org.openqa.selenium.firefox.FirefoxDriver
Capabilities {acceptInsecureCerts: true, browserName: firefox, browserVersion: 62.0.3, javascriptEnabled: true, moz:accessibilityChecks: false, moz:headless: false, moz:processID: 12124, moz:profile: C:\Users\Daniel\AppData\Loc..., moz:useNonSpecCompliantPointerOrigin: false, moz:webdriverClick: true, pageLoadStrategy: normal, platform: XP, platformName: XP, platformVersion: 10.0, rotatable: false, timeouts: {implicit: 0, pageLoad: 300000, script: 30000}}
Session ID: edaa9ce5-9b95-4a46-97c9-3efd1f2d9c49
*** Element info: {Using=css selector, value=#auth-warning-message-box > div:nth-child(1)}
at sun.reflect.NativeConstructorAccessorImpl.newInstance0(Native Method)
at sun.reflect.NativeConstructorAccessorImpl.newInstance(Unknown Source)
at sun.reflect.DelegatingConstructorAccessorImpl.newInstance(Unknown Source)
at java.lang.reflect.Constructor.newInstance(Unknown Source)
at org.openqa.selenium.remote.http.W3CHttpResponseCodec.createException(W3CHttpResponseCodec.java:187)
at org.openqa.selenium.remote.http.W3CHttpResponseCodec.decode(W3CHttpResponseCodec.java:122)
at org.openqa.selenium.remote.http.W3CHttpResponseCodec.decode(W3CHttpResponseCodec.java:49)
at org.openqa.selenium.remote.HttpCommandExecutor.execute(HttpCommandExecutor.java:158)
at org.openqa.selenium.remote.service.DriverCommandExecutor.execute(DriverCommandExecutor.java:83)
at org.openqa.selenium.remote.RemoteWebDriver.execute(RemoteWebDriver.java:548)
at org.openqa.selenium.remote.RemoteWebDriver.findElement(RemoteWebDriver.java:322)
at org.openqa.selenium.remote.RemoteWebDriver.findElementByCssSelector(RemoteWebDriver.java:416)
at org.openqa.selenium.By$ByCssSelector.findElement(By.java:431)
at org.openqa.selenium.remote.RemoteWebDriver.findElement(RemoteWebDriver.java:314)
at com.dpreview.auto.tests.T3_DpreviewLoginWrongDetailsTest.errorLoginPage(T3_DpreviewLoginWrongDetailsTest.java:72)
at sun.reflect.NativeMethodAccessorImpl.invoke0(Native Method)
at sun.reflect.NativeMethodAccessorImpl.invoke(Unknown Source)
at sun.reflect.DelegatingMethodAccessorImpl.invoke(Unknown Source)
at java.lang.reflect.Method.invoke(Unknown Source)
at org.testng.internal.MethodInvocationHelper.invokeMethod(MethodInvocationHelper.java:124)
at org.testng.internal.Invoker.invokeMethod(Invoker.java:583)
at org.testng.internal.Invoker.invokeTestMethod(Invoker.java:719)
at org.testng.internal.Invoker.invokeTestMethods(Invoker.java:989)
at org.testng.internal.TestMethodWorker.invokeTestMethods(TestMethodWorker.java:125)
at org.testng.internal.TestMethodWorker.run(TestMethodWorker.java:109)
at org.testng.TestRunner.privateRun(TestRunner.java:648)
at org.testng.TestRunner.run(TestRunner.java:505)
at org.testng.SuiteRunner.runTest(SuiteRunner.java:455)
at org.testng.SuiteRunner.runSequentially(SuiteRunner.java:450)
at org.testng.SuiteRunner.privateRun(SuiteRunner.java:415)
at org.testng.SuiteRunner.run(SuiteRunner.java:364)
at org.testng.SuiteRunnerWorker.runSuite(SuiteRunnerWorker.java:52)
at org.testng.SuiteRunnerWorker.run(SuiteRunnerWorker.java:84)
at org.testng.TestNG.runSuitesSequentially(TestNG.java:1208)
at org.testng.TestNG.runSuitesLocally(TestNG.java:1137)
at org.testng.TestNG.runSuites(TestNG.java:1049)
at org.testng.TestNG.run(TestNG.java:1017)
at org.testng.remote.AbstractRemoteTestNG.run(AbstractRemoteTestNG.java:114)
at org.testng.remote.RemoteTestNG.initAndRun(RemoteTestNG.java:251)
at org.testng.remote.RemoteTestNG.main(RemoteTestNG.java:77)
]]>
            </full-stacktrace>
          </exception> <!-- org.openqa.selenium.NoSuchElementException -->
          <reporter-output>
          </reporter-output>
        </test-method> <!-- errorLoginPage -->
        <test-method status="PASS" signature="afterMethod()[pri:0, instance:com.dpreview.auto.tests.T3_DpreviewLoginWrongDetailsTest@1caeb3e]" name="afterMethod" is-config="true" duration-ms="0" started-at="2018-12-13T08:25:51Z" finished-at="2018-12-13T08:25:51Z">
          <reporter-output>
          </reporter-output>
        </test-method> <!-- afterMethod -->
        <test-method status="PASS" signature="afterMethod()[pri:0, instance:com.dpreview.auto.tests.T3_DpreviewLoginWrongDetailsTest@1caeb3e]" name="afterMethod" is-config="true" duration-ms="0" started-at="2018-12-13T08:26:01Z" finished-at="2018-12-13T08:26:01Z">
          <reporter-output>
          </reporter-output>
        </test-method> <!-- afterMethod -->
        <test-method status="PASS" signature="afterClass()[pri:0, instance:com.dpreview.auto.tests.T3_DpreviewLoginWrongDetailsTest@1caeb3e]" name="afterClass" is-config="true" duration-ms="0" started-at="2018-12-13T08:26:01Z" finished-at="2018-12-13T08:26:01Z">
          <reporter-output>
          </reporter-output>
        </test-method> <!-- afterClass -->
      </class> <!-- com.dpreview.auto.tests.T3_DpreviewLoginWrongDetailsTest -->
    </test> <!-- Default test -->
  </suite> <!-- Default suite -->
</testng-results>
